Sep 19 18:31 : avahi: Failed to add service _mpd._tcp: Local name collision
Sep 19 18:31 : exception: Failed to open /home/zyrophr/.mpd/mpdstate: No such file or directory
Sep 19 18:31 : update: added Kavinsky - OutRun (2013) [FLAC]/02 - Blizzard.flac
Sep 19 18:31 : update: added Kavinsky - OutRun (2013) [FLAC]/10 - Grand Canyon.flac
Sep 19 18:31 : update: added Kavinsky - OutRun (2013) [FLAC]/01 - Prelude.flac
Sep 19 18:31 : update: added Kavinsky - OutRun (2013) [FLAC]/06 - Suburbia.flac
Sep 19 18:31 : update: added Kavinsky - OutRun (2013) [FLAC]/09 - Deadcruiser.flac
Sep 19 18:31 : update: added Kavinsky - OutRun (2013) [FLAC]/03 - ProtoVision.flac
Sep 19 18:31 : update: added Kavinsky - OutRun (2013) [FLAC]/12 - Roadgame.flac
Sep 19 18:31 : update: added Kavinsky - OutRun (2013) [FLAC]/08 - Nightcall.flac
Sep 19 18:31 : update: added Kavinsky - OutRun (2013) [FLAC]/07 - Testarossa Autodrive.flac
Sep 19 18:31 : update: added Kavinsky - OutRun (2013) [FLAC]/11 - First Blood.flac
Sep 19 18:31 : update: added Kavinsky - OutRun (2013) [FLAC]/04 - Odd Look.flac
Sep 19 18:31 : update: added Kavinsky - OutRun (2013) [FLAC]/13 - Endless.flac
Sep 19 18:31 : update: added Kavinsky - OutRun (2013) [FLAC]/05 - Rampage.flac
Sep 19 18:31 : update: added Mome - Panorama - 2016 (320 kbps)/11. Playground.mp3
Sep 19 18:31 : update: added Mome - Panorama - 2016 (320 kbps)/04. Wagga.mp3
Sep 19 18:31 : update: added Mome - Panorama - 2016 (320 kbps)/13. Panorama.mp3
Sep 19 18:31 : update: added Mome - Panorama - 2016 (320 kbps)/02. Why Is It (Feat. Merryn Jeann).mp3
Sep 19 18:31 : update: added Mome - Panorama - 2016 (320 kbps)/09. Alive (Mome Vs Midnight To Monaco).mp3
Sep 19 18:31 : update: added Mome - Panorama - 2016 (320 kbps)/07. Routine (Feat. Nieve).mp3
Sep 19 18:31 : update: added Mome - Panorama - 2016 (320 kbps)/10. Altitude.mp3
Sep 19 18:31 : update: added Mome - Panorama - 2016 (320 kbps)/08. Aloha (Feat. Merryn Jeann).mp3
Sep 19 18:31 : update: added Mome - Panorama - 2016 (320 kbps)/12. Medicine (Feat. Gus Dingwall).mp3
Sep 19 18:31 : exception: OutputThread could not get realtime scheduling, continuing anyway: sched_setscheduler failed: Operation not permitted
Sep 19 18:31 : update: added Mome - Panorama - 2016 (320 kbps)/05. Hold On (Feat. Dylan Wright).mp3
Sep 19 18:31 : update: added Mome - Panorama - 2016 (320 kbps)/06. Mirage.mp3
Sep 19 18:31 : update: added Mome - Panorama - 2016 (320 kbps)/01. Delta.mp3
Sep 19 18:31 : update: added Mome - Panorama - 2016 (320 kbps)/03. Super Hot Days.mp3
Sep 19 18:33 : exception: OutputThread could not get realtime scheduling, continuing anyway: sched_setscheduler failed: Operation not permitted
Sep 19 18:33 : avahi: Service 'Music Player' successfully established.
Sep 19 18:33 : client: [0] opened from 127.0.0.1:44714
Sep 19 18:35 : exception: OutputThread could not get realtime scheduling, continuing anyway: sched_setscheduler failed: Operation not permitted
Sep 19 18:37 : player: played "Kavinsky - OutRun (2013) [FLAC]/01 - Prelude.flac"
Sep 19 18:42 : player: played "Kavinsky - OutRun (2013) [FLAC]/04 - Odd Look.flac"
Sep 19 18:46 : player: played "Kavinsky - OutRun (2013) [FLAC]/08 - Nightcall.flac"
Sep 19 18:52 : player: played "Mome - Panorama - 2016 (320 kbps)/01. Delta.mp3"
Sep 19 18:55 : player: played "Mome - Panorama - 2016 (320 kbps)/02. Why Is It (Feat. Merryn Jeann).mp3"
Sep 19 18:59 : player: played "Mome - Panorama - 2016 (320 kbps)/03. Super Hot Days.mp3"
Sep 19 19:06 : player: played "Mome - Panorama - 2016 (320 kbps)/04. Wagga.mp3"
Sep 19 19:11 : player: played "Mome - Panorama - 2016 (320 kbps)/06. Mirage.mp3"
Sep 19 19:16 : player: played "Mome - Panorama - 2016 (320 kbps)/08. Aloha (Feat. Merryn Jeann).mp3"
Sep 19 19:21 : player: played "Mome - Panorama - 2016 (320 kbps)/09. Alive (Mome Vs Midnight To Monaco).mp3"
Sep 19 19:26 : client: [0] closed
Sep 19 19:26 : player: played "Mome - Panorama - 2016 (320 kbps)/11. Playground.mp3"
Sep 27 16:37 : exception: OutputThread could not get realtime scheduling, continuing anyway: sched_setscheduler failed: Operation not permitted
Sep 27 16:43 : exception: OutputThread could not get realtime scheduling, continuing anyway: sched_setscheduler failed: Operation not permitted
Sep 27 16:43 : client: [0] opened from 127.0.0.1:51068
Sep 27 16:44 : exception: Failed to decode /home/william_b/Music/Mome - Panorama - 2016 (320 kbps)/01. Delta.mp3
Sep 27 16:44 : exception: nested: Failed to open /home/william_b/Music/Mome - Panorama - 2016 (320 kbps)/01. Delta.mp3: No such file or directory
Sep 27 16:44 : player: played "Mome - Panorama - 2016 (320 kbps)/01. Delta.mp3"
Sep 27 16:44 : exception: Failed to decode /home/william_b/Music/Mome - Panorama - 2016 (320 kbps)/02. Why Is It (Feat. Merryn Jeann).mp3
Sep 27 16:44 : exception: nested: Failed to open /home/william_b/Music/Mome - Panorama - 2016 (320 kbps)/02. Why Is It (Feat. Merryn Jeann).mp3: No such file or directory
Sep 27 16:44 : player: played "Mome - Panorama - 2016 (320 kbps)/02. Why Is It (Feat. Merryn Jeann).mp3"
Sep 27 16:44 : exception: Failed to decode /home/william_b/Music/Mome - Panorama - 2016 (320 kbps)/03. Super Hot Days.mp3
Sep 27 16:44 : exception: nested: Failed to open /home/william_b/Music/Mome - Panorama - 2016 (320 kbps)/03. Super Hot Days.mp3: No such file or directory
Sep 27 16:44 : player: played "Mome - Panorama - 2016 (320 kbps)/03. Super Hot Days.mp3"
Sep 27 16:44 : exception: Failed to decode /home/william_b/Music/Mome - Panorama - 2016 (320 kbps)/04. Wagga.mp3
Sep 27 16:44 : exception: nested: Failed to open /home/william_b/Music/Mome - Panorama - 2016 (320 kbps)/04. Wagga.mp3: No such file or directory
Sep 27 16:44 : player: played "Mome - Panorama - 2016 (320 kbps)/04. Wagga.mp3"
Sep 27 16:44 : exception: Failed to decode /home/william_b/Music/Mome - Panorama - 2016 (320 kbps)/05. Hold On (Feat. Dylan Wright).mp3
Sep 27 16:44 : exception: nested: Failed to open /home/william_b/Music/Mome - Panorama - 2016 (320 kbps)/05. Hold On (Feat. Dylan Wright).mp3: No such file or directory
Sep 27 16:44 : player: played "Mome - Panorama - 2016 (320 kbps)/05. Hold On (Feat. Dylan Wright).mp3"
Sep 27 16:44 : exception: Failed to decode /home/william_b/Music/Mome - Panorama - 2016 (320 kbps)/06. Mirage.mp3
Sep 27 16:44 : exception: nested: Failed to open /home/william_b/Music/Mome - Panorama - 2016 (320 kbps)/06. Mirage.mp3: No such file or directory
Sep 27 16:44 : player: played "Mome - Panorama - 2016 (320 kbps)/06. Mirage.mp3"
Sep 27 16:44 : exception: Failed to decode /home/william_b/Music/Mome - Panorama - 2016 (320 kbps)/07. Routine (Feat. Nieve).mp3
Sep 27 16:44 : exception: nested: Failed to open /home/william_b/Music/Mome - Panorama - 2016 (320 kbps)/07. Routine (Feat. Nieve).mp3: No such file or directory
Sep 27 16:44 : player: played "Mome - Panorama - 2016 (320 kbps)/07. Routine (Feat. Nieve).mp3"
Sep 27 16:44 : exception: Failed to decode /home/william_b/Music/Mome - Panorama - 2016 (320 kbps)/08. Aloha (Feat. Merryn Jeann).mp3
Sep 27 16:44 : exception: nested: Failed to open /home/william_b/Music/Mome - Panorama - 2016 (320 kbps)/08. Aloha (Feat. Merryn Jeann).mp3: No such file or directory
Sep 27 16:44 : player: played "Mome - Panorama - 2016 (320 kbps)/08. Aloha (Feat. Merryn Jeann).mp3"
Sep 27 16:44 : exception: Failed to decode /home/william_b/Music/Mome - Panorama - 2016 (320 kbps)/09. Alive (Mome Vs Midnight To Monaco).mp3
Sep 27 16:44 : exception: nested: Failed to open /home/william_b/Music/Mome - Panorama - 2016 (320 kbps)/09. Alive (Mome Vs Midnight To Monaco).mp3: No such file or directory
Sep 27 16:44 : player: played "Mome - Panorama - 2016 (320 kbps)/09. Alive (Mome Vs Midnight To Monaco).mp3"
Sep 27 16:44 : exception: Failed to decode /home/william_b/Music/Mome - Panorama - 2016 (320 kbps)/10. Altitude.mp3
Sep 27 16:44 : exception: nested: Failed to open /home/william_b/Music/Mome - Panorama - 2016 (320 kbps)/10. Altitude.mp3: No such file or directory
Sep 27 16:44 : player: played "Mome - Panorama - 2016 (320 kbps)/10. Altitude.mp3"
Sep 27 16:44 : exception: Failed to decode /home/william_b/Music/Mome - Panorama - 2016 (320 kbps)/11. Playground.mp3
Sep 27 16:44 : exception: nested: Failed to open /home/william_b/Music/Mome - Panorama - 2016 (320 kbps)/11. Playground.mp3: No such file or directory
Sep 27 16:44 : player: played "Mome - Panorama - 2016 (320 kbps)/11. Playground.mp3"
Sep 27 16:44 : exception: Failed to decode /home/william_b/Music/Mome - Panorama - 2016 (320 kbps)/01. Delta.mp3
Sep 27 16:44 : exception: nested: Failed to open /home/william_b/Music/Mome - Panorama - 2016 (320 kbps)/01. Delta.mp3: No such file or directory
Sep 27 16:44 : exception: Failed to decode /home/william_b/Music/Mome - Panorama - 2016 (320 kbps)/02. Why Is It (Feat. Merryn Jeann).mp3
Sep 27 16:44 : exception: nested: Failed to open /home/william_b/Music/Mome - Panorama - 2016 (320 kbps)/02. Why Is It (Feat. Merryn Jeann).mp3: No such file or directory
Sep 27 16:44 : player: played "Mome - Panorama - 2016 (320 kbps)/01. Delta.mp3"
Sep 27 16:44 : exception: Failed to decode /home/william_b/Music/Mome - Panorama - 2016 (320 kbps)/02. Why Is It (Feat. Merryn Jeann).mp3
Sep 27 16:44 : exception: nested: Failed to open /home/william_b/Music/Mome - Panorama - 2016 (320 kbps)/02. Why Is It (Feat. Merryn Jeann).mp3: No such file or directory
Sep 27 16:44 : player: played "Mome - Panorama - 2016 (320 kbps)/02. Why Is It (Feat. Merryn Jeann).mp3"
Sep 27 16:44 : exception: Failed to decode /home/william_b/Music/Mome - Panorama - 2016 (320 kbps)/03. Super Hot Days.mp3
Sep 27 16:44 : exception: nested: Failed to open /home/william_b/Music/Mome - Panorama - 2016 (320 kbps)/03. Super Hot Days.mp3: No such file or directory
Sep 27 16:44 : player: played "Mome - Panorama - 2016 (320 kbps)/03. Super Hot Days.mp3"
Sep 27 16:44 : exception: Failed to decode /home/william_b/Music/Mome - Panorama - 2016 (320 kbps)/04. Wagga.mp3
Sep 27 16:44 : exception: nested: Failed to open /home/william_b/Music/Mome - Panorama - 2016 (320 kbps)/04. Wagga.mp3: No such file or directory
Sep 27 16:44 : player: played "Mome - Panorama - 2016 (320 kbps)/04. Wagga.mp3"
Sep 27 16:44 : exception: Failed to decode /home/william_b/Music/Mome - Panorama - 2016 (320 kbps)/05. Hold On (Feat. Dylan Wright).mp3
Sep 27 16:44 : exception: nested: Failed to open /home/william_b/Music/Mome - Panorama - 2016 (320 kbps)/05. Hold On (Feat. Dylan Wright).mp3: No such file or directory
Sep 27 16:44 : player: played "Mome - Panorama - 2016 (320 kbps)/05. Hold On (Feat. Dylan Wright).mp3"
Sep 27 16:44 : exception: Failed to decode /home/william_b/Music/Mome - Panorama - 2016 (320 kbps)/06. Mirage.mp3
Sep 27 16:44 : exception: nested: Failed to open /home/william_b/Music/Mome - Panorama - 2016 (320 kbps)/06. Mirage.mp3: No such file or directory
Sep 27 16:44 : player: played "Mome - Panorama - 2016 (320 kbps)/06. Mirage.mp3"
Sep 27 16:44 : exception: Failed to decode /home/william_b/Music/Mome - Panorama - 2016 (320 kbps)/07. Routine (Feat. Nieve).mp3
Sep 27 16:44 : exception: nested: Failed to open /home/william_b/Music/Mome - Panorama - 2016 (320 kbps)/07. Routine (Feat. Nieve).mp3: No such file or directory
Sep 27 16:44 : player: played "Mome - Panorama - 2016 (320 kbps)/07. Routine (Feat. Nieve).mp3"
Sep 27 16:44 : exception: Failed to decode /home/william_b/Music/Mome - Panorama - 2016 (320 kbps)/08. Aloha (Feat. Merryn Jeann).mp3
Sep 27 16:44 : exception: nested: Failed to open /home/william_b/Music/Mome - Panorama - 2016 (320 kbps)/08. Aloha (Feat. Merryn Jeann).mp3: No such file or directory
Sep 27 16:44 : player: played "Mome - Panorama - 2016 (320 kbps)/08. Aloha (Feat. Merryn Jeann).mp3"
Sep 27 16:44 : exception: Failed to decode /home/william_b/Music/Mome - Panorama - 2016 (320 kbps)/09. Alive (Mome Vs Midnight To Monaco).mp3
Sep 27 16:44 : exception: nested: Failed to open /home/william_b/Music/Mome - Panorama - 2016 (320 kbps)/09. Alive (Mome Vs Midnight To Monaco).mp3: No such file or directory
Sep 27 16:44 : player: played "Mome - Panorama - 2016 (320 kbps)/09. Alive (Mome Vs Midnight To Monaco).mp3"
Sep 27 16:44 : exception: Failed to decode /home/william_b/Music/Mome - Panorama - 2016 (320 kbps)/10. Altitude.mp3
Sep 27 16:44 : exception: nested: Failed to open /home/william_b/Music/Mome - Panorama - 2016 (320 kbps)/10. Altitude.mp3: No such file or directory
Sep 27 16:44 : player: played "Mome - Panorama - 2016 (320 kbps)/10. Altitude.mp3"
Sep 27 16:44 : exception: Failed to decode /home/william_b/Music/Mome - Panorama - 2016 (320 kbps)/11. Playground.mp3
Sep 27 16:44 : exception: nested: Failed to open /home/william_b/Music/Mome - Panorama - 2016 (320 kbps)/11. Playground.mp3: No such file or directory
Sep 27 16:44 : player: played "Mome - Panorama - 2016 (320 kbps)/11. Playground.mp3"
Sep 27 16:44 : exception: Failed to decode /home/william_b/Music/Kavinsky - OutRun (2013) [FLAC]/09 - Deadcruiser.flac
Sep 27 16:44 : exception: nested: Failed to open /home/william_b/Music/Kavinsky - OutRun (2013) [FLAC]/09 - Deadcruiser.flac: No such file or directory
Sep 27 16:44 : exception: Failed to decode /home/william_b/Music/Mome - Panorama - 2016 (320 kbps)/01. Delta.mp3
Sep 27 16:44 : exception: nested: Failed to open /home/william_b/Music/Mome - Panorama - 2016 (320 kbps)/01. Delta.mp3: No such file or directory
Sep 27 16:44 : player: played "Kavinsky - OutRun (2013) [FLAC]/09 - Deadcruiser.flac"
Sep 27 16:44 : exception: Failed to decode /home/william_b/Music/Mome - Panorama - 2016 (320 kbps)/01. Delta.mp3
Sep 27 16:44 : exception: nested: Failed to open /home/william_b/Music/Mome - Panorama - 2016 (320 kbps)/01. Delta.mp3: No such file or directory
Sep 27 16:44 : player: played "Mome - Panorama - 2016 (320 kbps)/01. Delta.mp3"
Sep 27 16:44 : exception: Failed to decode /home/william_b/Music/Mome - Panorama - 2016 (320 kbps)/02. Why Is It (Feat. Merryn Jeann).mp3
Sep 27 16:44 : exception: nested: Failed to open /home/william_b/Music/Mome - Panorama - 2016 (320 kbps)/02. Why Is It (Feat. Merryn Jeann).mp3: No such file or directory
Sep 27 16:44 : player: played "Mome - Panorama - 2016 (320 kbps)/02. Why Is It (Feat. Merryn Jeann).mp3"
Sep 27 16:44 : exception: Failed to decode /home/william_b/Music/Mome - Panorama - 2016 (320 kbps)/03. Super Hot Days.mp3
Sep 27 16:44 : exception: nested: Failed to open /home/william_b/Music/Mome - Panorama - 2016 (320 kbps)/03. Super Hot Days.mp3: No such file or directory
Sep 27 16:44 : player: played "Mome - Panorama - 2016 (320 kbps)/03. Super Hot Days.mp3"
Sep 27 16:44 : exception: Failed to decode /home/william_b/Music/Mome - Panorama - 2016 (320 kbps)/04. Wagga.mp3
Sep 27 16:44 : exception: nested: Failed to open /home/william_b/Music/Mome - Panorama - 2016 (320 kbps)/04. Wagga.mp3: No such file or directory
Sep 27 16:44 : player: played "Mome - Panorama - 2016 (320 kbps)/04. Wagga.mp3"
Sep 27 16:44 : exception: Failed to decode /home/william_b/Music/Mome - Panorama - 2016 (320 kbps)/05. Hold On (Feat. Dylan Wright).mp3
Sep 27 16:44 : exception: nested: Failed to open /home/william_b/Music/Mome - Panorama - 2016 (320 kbps)/05. Hold On (Feat. Dylan Wright).mp3: No such file or directory
Sep 27 16:44 : player: played "Mome - Panorama - 2016 (320 kbps)/05. Hold On (Feat. Dylan Wright).mp3"
Sep 27 16:44 : exception: Failed to decode /home/william_b/Music/Mome - Panorama - 2016 (320 kbps)/06. Mirage.mp3
Sep 27 16:44 : exception: nested: Failed to open /home/william_b/Music/Mome - Panorama - 2016 (320 kbps)/06. Mirage.mp3: No such file or directory
Sep 27 16:44 : player: played "Mome - Panorama - 2016 (320 kbps)/06. Mirage.mp3"
Sep 27 16:44 : exception: Failed to decode /home/william_b/Music/Mome - Panorama - 2016 (320 kbps)/07. Routine (Feat. Nieve).mp3
Sep 27 16:44 : exception: nested: Failed to open /home/william_b/Music/Mome - Panorama - 2016 (320 kbps)/07. Routine (Feat. Nieve).mp3: No such file or directory
Sep 27 16:44 : player: played "Mome - Panorama - 2016 (320 kbps)/07. Routine (Feat. Nieve).mp3"
Sep 27 16:44 : exception: Failed to decode /home/william_b/Music/Mome - Panorama - 2016 (320 kbps)/08. Aloha (Feat. Merryn Jeann).mp3
Sep 27 16:44 : exception: nested: Failed to open /home/william_b/Music/Mome - Panorama - 2016 (320 kbps)/08. Aloha (Feat. Merryn Jeann).mp3: No such file or directory
Sep 27 16:44 : player: played "Mome - Panorama - 2016 (320 kbps)/08. Aloha (Feat. Merryn Jeann).mp3"
Sep 27 16:44 : exception: Failed to decode /home/william_b/Music/Mome - Panorama - 2016 (320 kbps)/09. Alive (Mome Vs Midnight To Monaco).mp3
Sep 27 16:44 : exception: nested: Failed to open /home/william_b/Music/Mome - Panorama - 2016 (320 kbps)/09. Alive (Mome Vs Midnight To Monaco).mp3: No such file or directory
Sep 27 16:44 : player: played "Mome - Panorama - 2016 (320 kbps)/09. Alive (Mome Vs Midnight To Monaco).mp3"
Sep 27 16:44 : exception: Failed to decode /home/william_b/Music/Mome - Panorama - 2016 (320 kbps)/10. Altitude.mp3
Sep 27 16:44 : exception: nested: Failed to open /home/william_b/Music/Mome - Panorama - 2016 (320 kbps)/10. Altitude.mp3: No such file or directory
Sep 27 16:44 : player: played "Mome - Panorama - 2016 (320 kbps)/10. Altitude.mp3"
Sep 27 16:44 : exception: Failed to decode /home/william_b/Music/Mome - Panorama - 2016 (320 kbps)/11. Playground.mp3
Sep 27 16:44 : exception: nested: Failed to open /home/william_b/Music/Mome - Panorama - 2016 (320 kbps)/11. Playground.mp3: No such file or directory
Sep 27 16:44 : player: played "Mome - Panorama - 2016 (320 kbps)/11. Playground.mp3"
Sep 27 16:44 : exception: Failed to decode /home/william_b/Music/Kavinsky - OutRun (2013) [FLAC]/09 - Deadcruiser.flac
Sep 27 16:44 : exception: nested: Failed to open /home/william_b/Music/Kavinsky - OutRun (2013) [FLAC]/09 - Deadcruiser.flac: No such file or directory
Sep 27 16:44 : exception: Failed to decode /home/william_b/Music/Mome - Panorama - 2016 (320 kbps)/01. Delta.mp3
Sep 27 16:44 : exception: nested: Failed to open /home/william_b/Music/Mome - Panorama - 2016 (320 kbps)/01. Delta.mp3: No such file or directory
Sep 27 16:44 : player: played "Kavinsky - OutRun (2013) [FLAC]/09 - Deadcruiser.flac"
Sep 27 16:44 : exception: Failed to decode /home/william_b/Music/Mome - Panorama - 2016 (320 kbps)/01. Delta.mp3
Sep 27 16:44 : exception: nested: Failed to open /home/william_b/Music/Mome - Panorama - 2016 (320 kbps)/01. Delta.mp3: No such file or directory
Sep 27 16:44 : player: played "Mome - Panorama - 2016 (320 kbps)/01. Delta.mp3"
Sep 27 16:44 : exception: Failed to decode /home/william_b/Music/Mome - Panorama - 2016 (320 kbps)/02. Why Is It (Feat. Merryn Jeann).mp3
Sep 27 16:44 : exception: nested: Failed to open /home/william_b/Music/Mome - Panorama - 2016 (320 kbps)/02. Why Is It (Feat. Merryn Jeann).mp3: No such file or directory
Sep 27 16:44 : player: played "Mome - Panorama - 2016 (320 kbps)/02. Why Is It (Feat. Merryn Jeann).mp3"
Sep 27 16:44 : exception: Failed to decode /home/william_b/Music/Mome - Panorama - 2016 (320 kbps)/03. Super Hot Days.mp3
Sep 27 16:44 : exception: nested: Failed to open /home/william_b/Music/Mome - Panorama - 2016 (320 kbps)/03. Super Hot Days.mp3: No such file or directory
Sep 27 16:44 : player: played "Mome - Panorama - 2016 (320 kbps)/03. Super Hot Days.mp3"
Sep 27 16:44 : exception: Failed to decode /home/william_b/Music/Mome - Panorama - 2016 (320 kbps)/04. Wagga.mp3
Sep 27 16:44 : exception: nested: Failed to open /home/william_b/Music/Mome - Panorama - 2016 (320 kbps)/04. Wagga.mp3: No such file or directory
Sep 27 16:44 : player: played "Mome - Panorama - 2016 (320 kbps)/04. Wagga.mp3"
Sep 27 16:44 : exception: Failed to decode /home/william_b/Music/Mome - Panorama - 2016 (320 kbps)/05. Hold On (Feat. Dylan Wright).mp3
Sep 27 16:44 : exception: nested: Failed to open /home/william_b/Music/Mome - Panorama - 2016 (320 kbps)/05. Hold On (Feat. Dylan Wright).mp3: No such file or directory
Sep 27 16:44 : player: played "Mome - Panorama - 2016 (320 kbps)/05. Hold On (Feat. Dylan Wright).mp3"
Sep 27 16:44 : exception: Failed to decode /home/william_b/Music/Mome - Panorama - 2016 (320 kbps)/06. Mirage.mp3
Sep 27 16:44 : exception: nested: Failed to open /home/william_b/Music/Mome - Panorama - 2016 (320 kbps)/06. Mirage.mp3: No such file or directory
Sep 27 16:44 : player: played "Mome - Panorama - 2016 (320 kbps)/06. Mirage.mp3"
Sep 27 16:44 : exception: Failed to decode /home/william_b/Music/Mome - Panorama - 2016 (320 kbps)/07. Routine (Feat. Nieve).mp3
Sep 27 16:44 : exception: nested: Failed to open /home/william_b/Music/Mome - Panorama - 2016 (320 kbps)/07. Routine (Feat. Nieve).mp3: No such file or directory
Sep 27 16:44 : player: played "Mome - Panorama - 2016 (320 kbps)/07. Routine (Feat. Nieve).mp3"
Sep 27 16:44 : exception: Failed to decode /home/william_b/Music/Mome - Panorama - 2016 (320 kbps)/08. Aloha (Feat. Merryn Jeann).mp3
Sep 27 16:44 : exception: nested: Failed to open /home/william_b/Music/Mome - Panorama - 2016 (320 kbps)/08. Aloha (Feat. Merryn Jeann).mp3: No such file or directory
Sep 27 16:44 : player: played "Mome - Panorama - 2016 (320 kbps)/08. Aloha (Feat. Merryn Jeann).mp3"
Sep 27 16:44 : exception: Failed to decode /home/william_b/Music/Mome - Panorama - 2016 (320 kbps)/09. Alive (Mome Vs Midnight To Monaco).mp3
Sep 27 16:44 : exception: nested: Failed to open /home/william_b/Music/Mome - Panorama - 2016 (320 kbps)/09. Alive (Mome Vs Midnight To Monaco).mp3: No such file or directory
Sep 27 16:44 : player: played "Mome - Panorama - 2016 (320 kbps)/09. Alive (Mome Vs Midnight To Monaco).mp3"
Sep 27 16:44 : exception: Failed to decode /home/william_b/Music/Mome - Panorama - 2016 (320 kbps)/10. Altitude.mp3
Sep 27 16:44 : exception: nested: Failed to open /home/william_b/Music/Mome - Panorama - 2016 (320 kbps)/10. Altitude.mp3: No such file or directory
Sep 27 16:44 : player: played "Mome - Panorama - 2016 (320 kbps)/10. Altitude.mp3"
Sep 27 16:44 : exception: Failed to decode /home/william_b/Music/Mome - Panorama - 2016 (320 kbps)/11. Playground.mp3
Sep 27 16:44 : exception: nested: Failed to open /home/william_b/Music/Mome - Panorama - 2016 (320 kbps)/11. Playground.mp3: No such file or directory
Sep 27 16:44 : player: played "Mome - Panorama - 2016 (320 kbps)/11. Playground.mp3"
Sep 27 16:44 : client: [0] closed
Sep 27 17:45 : exception: OutputThread could not get realtime scheduling, continuing anyway: sched_setscheduler failed: Operation not permitted
Sep 27 17:45 : client: [0] opened from 127.0.0.1:59090
Sep 27 17:46 : client: [0] closed
Sep 27 17:46 : client: [1] opened from 127.0.0.1:59092
Sep 27 17:46 : update: added Jeremy Blake/So Far, So Good EP/01 Jeremy Blake - Lugent (Original Mix).mp3
Sep 27 17:46 : update: added Jeremy Blake/So Far, So Good EP/03 Jeremy Blake - Tenellous (Original Mix).mp3
Sep 27 17:46 : update: added Jeremy Blake/So Far, So Good EP/02 Jeremy Blake - Reggie's Song (Original Mix).mp3
Sep 27 17:46 : update: added Jeremy Blake/So Far, So Good EP/06 Jeremy Blake - Aitai (Original Mix).mp3
Sep 27 17:46 : update: added Jeremy Blake/So Far, So Good EP/04 Jeremy Blake - Airgonaut (Original Mix).mp3
Sep 27 17:46 : update: added Jeremy Blake/So Far, So Good EP/05 Jeremy Blake - I Need U (Original Mix).mp3
Sep 27 17:46 : update: added Jeremy Blake/Arkeology, Vol. 3/04 Jeremy Blake - Remember Etta_.mp3
Sep 27 17:46 : update: added Jeremy Blake/Arkeology, Vol. 3/08 Jeremy Blake - One Day.mp3
Sep 27 17:46 : update: added Jeremy Blake/Arkeology, Vol. 3/06 Jeremy Blake - Ground Control (Raika's Remaster).mp3
Sep 27 17:46 : update: added Jeremy Blake/Arkeology, Vol. 3/10 Jeremy Blake - Bat an Eye (Baltimore Mix).mp3
Sep 27 17:46 : update: added Jeremy Blake/Arkeology, Vol. 3/03 Jeremy Blake - Minitune.mp3
Sep 27 17:46 : update: added Jeremy Blake/Arkeology, Vol. 3/07 Jeremy Blake - Legacy.mp3
Sep 27 17:46 : update: added Jeremy Blake/Arkeology, Vol. 3/05 Jeremy Blake - Welcome to NYC.mp3
Sep 27 17:46 : update: added Jeremy Blake/Arkeology, Vol. 3/09 Jeremy Blake - Surrender (Deeper Mix).mp3
Sep 27 17:46 : update: added Jeremy Blake/Arkeology, Vol. 3/02 Jeremy Blake - You Belong to We.mp3
Sep 27 17:46 : update: added Jeremy Blake/Arkeology, Vol. 3/01 Jeremy Blake - The Last Word.mp3
Sep 27 17:46 : update: added Jeremy Blake/The December EP/04 Jeremy Blake - Storytime.mp3
Sep 27 17:46 : update: added Jeremy Blake/The December EP/02 Jeremy Blake - Pulling Punches.mp3
Sep 27 17:46 : update: added Jeremy Blake/The December EP/01 Jeremy Blake - In God's Country.mp3
Sep 27 17:46 : update: added Jeremy Blake/The December EP/03 Jeremy Blake - Don't Wanna Know.mp3
Sep 27 17:46 : update: added Jeremy Blake/Icasm (Single)/01 Jeremy Blake - Icasm (Main Mix).mp3
Sep 27 17:46 : update: added Jeremy Blake/Icasm (Single)/02 Jeremy Blake - Icasm (Alternate Mix).mp3
Sep 27 17:46 : update: added Jeremy Blake/Mini.Mod/04 Jeremy Blake - Dubchip.mp3
Sep 27 17:46 : update: added Jeremy Blake/Mini.Mod/01 Jeremy Blake - The Bridge.mp3
Sep 27 17:46 : update: added Jeremy Blake/Mini.Mod/02 Jeremy Blake - The Lope.mp3
Sep 27 17:46 : update: added Jeremy Blake/Mini.Mod/07 Jeremy Blake - Echos (ft. Carrie Biell) [Full Mix].mp3
Sep 27 17:46 : update: added Jeremy Blake/Mini.Mod/06 Jeremy Blake - Change Tomorrrow.mp3
Sep 27 17:46 : update: added Jeremy Blake/Mini.Mod/05 Jeremy Blake - We Still Feel.mp3
Sep 27 17:46 : update: added Jeremy Blake/Mini.Mod/03 Jeremy Blake - Echos (ft. Carrie Biell) [Min Mix].mp3
Sep 27 17:46 : update: added Jeremy Blake/Telephone (Single)/02 Jeremy Blake - Telephone (Ambient Mix).mp3
Sep 27 17:46 : update: added Jeremy Blake/Telephone (Single)/01 Jeremy Blake - Telephone (Big Mix).mp3
Sep 27 17:46 : update: added Jeremy Blake/Acceptance (Single)/01 Jeremy Blake - Acceptance (Single).mp3
Sep 27 17:46 : update: added Jeremy Blake/Two Thousand and Sixteen Super Hits/06 Jeremy Blake - Motivation.mp3
Sep 27 17:46 : update: added Jeremy Blake/Two Thousand and Sixteen Super Hits/12 Jeremy Blake - Hælo.mp3
Sep 27 17:46 : update: added Jeremy Blake/Two Thousand and Sixteen Super Hits/10 Jeremy Blake - Cecograph.mp3
Sep 27 17:46 : update: added Jeremy Blake/Two Thousand and Sixteen Super Hits/08 Jeremy Blake - Time to Go.mp3
Sep 27 17:46 : update: added Jeremy Blake/Two Thousand and Sixteen Super Hits/04 Jeremy Blake - The Far Away Dreams.mp3
Sep 27 17:46 : update: added Jeremy Blake/Two Thousand and Sixteen Super Hits/05 Jeremy Blake - Nicotine.mp3
Sep 27 17:46 : update: added Jeremy Blake/Two Thousand and Sixteen Super Hits/11 Jeremy Blake - Icasm.mp3
Sep 27 17:46 : update: added Jeremy Blake/Two Thousand and Sixteen Super Hits/01 Jeremy Blake - Love Is Blind.mp3
Sep 27 17:46 : update: added Jeremy Blake/Two Thousand and Sixteen Super Hits/07 Jeremy Blake - Stagma.mp3
Sep 27 17:46 : update: added Jeremy Blake/Two Thousand and Sixteen Super Hits/02 Jeremy Blake - Piladex.mp3
Sep 27 17:46 : update: added Jeremy Blake/Two Thousand and Sixteen Super Hits/09 Jeremy Blake - Come with Me.mp3
Sep 27 17:46 : update: added Jeremy Blake/Two Thousand and Sixteen Super Hits/03 Jeremy Blake - Requiescence.mp3
Sep 27 17:46 : update: added Various Artists/Monstercat - Best of 2016/37 Various Artists - F.O.O.L - Showdown.mp3
Sep 27 17:46 : update: added Various Artists/Monstercat - Best of 2016/35 Various Artists - DROELOE - Bon Voyage.mp3
Sep 27 17:46 : update: added Various Artists/Monstercat - Best of 2016/12 Various Artists - Ephixa & Stephen Walking - Matches (feat. Aaron Richards).mp3
Sep 27 17:46 : update: added Various Artists/Monstercat - Best of 2016/41 Various Artists - Monstercat - Best of 2016 (Album Mix) [Part 1].mp3
Sep 27 17:46 : update: added Various Artists/Monstercat - Best of 2016/36 Various Artists - Tunnel Vision.mp3
Sep 27 17:46 : update: added Various Artists/Monstercat - Best of 2016/11 Various Artists - LVTHER - Some Kind Of Magic (feat. MYZICA).mp3
Sep 27 17:46 : update: added Various Artists/Monstercat - Best of 2016/03 Various Artists - Vicetone - Nevada (feat. Cozi Zuehlsdorff).mp3
Sep 27 17:46 : update: added Various Artists/Monstercat - Best of 2016/33 Various Artists - Koven - Silence.mp3
Sep 27 17:46 : update: added Various Artists/Monstercat - Best of 2016/17 Various Artists - Conro - On My Way Up.mp3
Sep 27 17:46 : update: added Various Artists/Monstercat - Best of 2016/14 Various Artists - Tristam - Devotion.mp3
Sep 27 17:46 : update: added Various Artists/Monstercat - Best of 2016/32 Various Artists - The 90s.mp3
Sep 27 17:46 : update: added Various Artists/Monstercat - Best of 2016/27 Various Artists - Muzzy - Crescendo (feat. MYLK).mp3
Sep 27 17:46 : update: added Various Artists/Monstercat - Best of 2016/16 Various Artists - Puppet & Murtagh - Killing Giants (feat. Richard Caddock).mp3
Sep 27 17:46 : update: added Various Artists/Monstercat - Best of 2016/25 Various Artists - Slushii - Emptiness.mp3
Sep 27 17:46 : update: added Various Artists/Monstercat - Best of 2016/08 Various Artists - Feint - Words (feat. Laura Brehm).mp3
Sep 27 17:46 : update: added Various Artists/Monstercat - Best of 2016/43 Various Artists - Monstercat - Best of 2016 (Album Mix) [Part 3].mp3
Sep 27 17:46 : update: added Various Artists/Monstercat - Best of 2016/26 Various Artists - Melano - On Fire.mp3
Sep 27 17:46 : update: added Various Artists/Monstercat - Best of 2016/20 Various Artists - WRLD - By Design.mp3
Sep 27 17:46 : update: added Various Artists/Monstercat - Best of 2016/01 Various Artists - Marshmello - Alone.mp3
Sep 27 17:46 : update: added Various Artists/Monstercat - Best of 2016/42 Various Artists - Monstercat - Best of 2016 (Album Mix) [Part 2].mp3
Sep 27 17:46 : update: added Various Artists/Monstercat - Best of 2016/23 Various Artists - Jauz x San Holo - OK!.mp3
Sep 27 17:46 : update: added Various Artists/Monstercat - Best of 2016/05 Various Artists - Noisestorm - Antihero.mp3
Sep 27 17:46 : update: added Various Artists/Monstercat - Best of 2016/30 Various Artists - Going Quantum x Psychic Type - Rare.mp3
Sep 27 17:46 : update: added Various Artists/Monstercat - Best of 2016/09 Various Artists - Unlike Pluto - Waiting For You (feat. Joanna Jones).mp3
Sep 27 17:46 : update: added Various Artists/Monstercat - Best of 2016/21 Various Artists - Haywyre - Do You Don't You.mp3
Sep 27 17:46 : update: added Various Artists/Monstercat - Best of 2016/29 Various Artists - Dirty Audio - Gorilla Glue.mp3
Sep 27 17:46 : update: added Various Artists/Monstercat - Best of 2016/31 Various Artists - KUURO - Aamon.mp3
Sep 27 17:46 : update: added Various Artists/Monstercat - Best of 2016/18 Various Artists - Grant - Wake Up (feat. Jessi Mason).mp3
Sep 27 17:46 : update: added Various Artists/Monstercat - Best of 2016/38 Various Artists - Rich Edwards - Where I'll Be Waiting (feat. Cozi Zuehlsdorff).mp3
Sep 27 17:46 : update: added Various Artists/Monstercat - Best of 2016/07 Various Artists - Nitro Fun & Hyper Potions - Checkpoint.mp3
Sep 27 17:46 : update: added Various Artists/Monstercat - Best of 2016/06 Various Artists - Tokyo Machine - Fight.mp3
Sep 27 17:46 : update: added Various Artists/Monstercat - Best of 2016/34 Various Artists - Anevo - Electric Heart (feat. Ameria).mp3
Sep 27 17:46 : update: added Various Artists/Monstercat - Best of 2016/13 Various Artists - San Holo - They Just Haven't Seen It.mp3
Sep 27 17:46 : update: added Various Artists/Monstercat - Best of 2016/15 Various Artists - Pegboard Nerds & Grabbitz - All Alone.mp3
Sep 27 17:46 : update: added Various Artists/Monstercat - Best of 2016/19 Various Artists - Stonebank - All Night.mp3
Sep 27 17:46 : update: added Various Artists/Monstercat - Best of 2016/02 Various Artists - Pegboard Nerd & NGHTMRE - Superstar (feat. Krewella).mp3
Sep 27 17:46 : update: added Various Artists/Monstercat - Best of 2016/28 Various Artists - Rogue - Nemesis.mp3
Sep 27 17:46 : update: added Various Artists/Monstercat - Best of 2016/10 Various Artists - Seven Lions & Echos - Cold Skin.mp3
Sep 27 17:46 : update: added Various Artists/Monstercat - Best of 2016/04 Various Artists - Hellberg - Synchronize (feat. Aaron Richards).mp3
Sep 27 17:46 : update: added Various Artists/Monstercat - Best of 2016/24 Various Artists - Slips & Slurs x Mihka! - WiFi Tears.mp3
Sep 27 17:46 : update: added Various Artists/Monstercat - Best of 2016/39 Various Artists - Richard Caddock, WRLD, Nitro Fun, Slips & Slurs & Subtact - Break The Silence.mp3
Sep 27 17:46 : update: added Various Artists/Monstercat - Best of 2016/40 Various Artists - Mr FijiWiji, Direct & ARUNA - Time To Say Goodbye.mp3
Sep 27 17:46 : update: added Various Artists/Monstercat - Best of 2016/22 Various Artists - Laszlo - Airglow.mp3
Sep 27 17:46 : update: added Various Artists/Monstercat Uncaged Vol. 1/15 Various Artists - Slips & Slurs x Holly - Turmoil.mp3
Sep 27 17:46 : update: added Various Artists/Monstercat Uncaged Vol. 1/30 Various Artists - Duumu - Illuminate.mp3
Sep 27 17:46 : update: added Various Artists/Monstercat Uncaged Vol. 1/25 Various Artists - Glacier - Neos.mp3
Sep 27 17:46 : update: added Various Artists/Monstercat Uncaged Vol. 1/11 Various Artists - Anevo - Waiting on Your Call (feat. Park Avenue).mp3
Sep 27 17:46 : update: added Various Artists/Monstercat Uncaged Vol. 1/06 Various Artists - Kayzo - This Time.mp3
Sep 27 17:46 : update: added Various Artists/Monstercat Uncaged Vol. 1/04 Various Artists - Unlike Pluto - Everything Black (feat. Mike Taylor).mp3
Sep 27 17:46 : update: added Various Artists/Monstercat Uncaged Vol. 1/13 Various Artists - KUURO - Bandit.mp3
Sep 27 17:46 : update: added Various Artists/Monstercat Uncaged Vol. 1/16 Various Artists - Orbiter - Want You.mp3
Sep 27 17:46 : update: added Various Artists/Monstercat Uncaged Vol. 1/14 Various Artists - Muzzy - Spectrum.mp3
Sep 27 17:46 : update: added Various Artists/Monstercat Uncaged Vol. 1/31 Various Artists - Mr FijiWiji & Exist Strategy - Andromeda (feat. Matt Van).mp3
Sep 27 17:46 : update: added Various Artists/Monstercat Uncaged Vol. 1/28 Various Artists - Mr FijiWiji & Direct - Tomorrow (feat. Matt Van & Holly Drummond).mp3
Sep 27 17:46 : update: added Various Artists/Monstercat Uncaged Vol. 1/33 Various Artists - Uncaged Vol. 1 Album Mix [Part 2].mp3
Sep 27 17:46 : update: added Various Artists/Monstercat Uncaged Vol. 1/01 Various Artists - Rogue x Stonebank x Slips & Slurs - Unity.mp3
Sep 27 17:46 : update: added Various Artists/Monstercat Uncaged Vol. 1/12 Various Artists - Conro - Chardonnay (feat. Karra).mp3
Sep 27 17:46 : update: added Various Artists/Monstercat Uncaged Vol. 1/21 Various Artists - Topi - Swapping Things.mp3
Sep 27 17:46 : update: added Various Artists/Monstercat Uncaged Vol. 1/26 Various Artists - nanobii - Bubble Beam.mp3
Sep 27 17:46 : update: added Various Artists/Monstercat Uncaged Vol. 1/07 Various Artists - Darren Styles - Us Against The World.mp3
Sep 27 17:46 : update: added Various Artists/Monstercat Uncaged Vol. 1/18 Various Artists - Reach - Bollywood Stunna.mp3
Sep 27 17:46 : update: added Various Artists/Monstercat Uncaged Vol. 1/09 Various Artists - Tokyo Machine - Blast.mp3
Sep 27 17:46 : update: added Various Artists/Monstercat Uncaged Vol. 1/17 Various Artists - Zero Hero - Bass Drop.mp3
Sep 27 17:46 : update: added Various Artists/Monstercat Uncaged Vol. 1/02 Various Artists - Dirtyphonics & Bassnectar - Watch Out (feat. Ragga Twins).mp3
Sep 27 17:46 : update: added Various Artists/Monstercat Uncaged Vol. 1/08 Various Artists - Grant - Starship.mp3
Sep 27 17:46 : update: added Various Artists/Monstercat Uncaged Vol. 1/19 Various Artists - Noisestorm - Escape.mp3
Sep 27 17:46 : update: added Various Artists/Monstercat Uncaged Vol. 1/32 Various Artists - Uncaged Vol. 1 Album Mix [Part 1].mp3
Sep 27 17:46 : update: added Various Artists/Monstercat Uncaged Vol. 1/10 Various Artists - MYRNE - Afterdark (feat. Aviella).mp3
Sep 27 17:46 : update: added Various Artists/Monstercat Uncaged Vol. 1/24 Various Artists - RICCI - Boom.mp3
Sep 27 17:46 : update: added Various Artists/Monstercat Uncaged Vol. 1/05 Various Artists - Pegboard Nerds & Quiet Disorder - Move That Body.mp3
Sep 27 17:46 : update: added Various Artists/Monstercat Uncaged Vol. 1/03 Various Artists - Wolfgang Gartner & Aero Chord - Borneo.mp3
Sep 27 17:46 : update: added Various Artists/Monstercat Uncaged Vol. 1/27 Various Artists - Tokyo Machine - Crazy.mp3
Sep 27 17:46 : update: added Various Artists/Monstercat Uncaged Vol. 1/20 Various Artists - Nitro Fun - Home.mp3
Sep 27 17:46 : update: added Various Artists/Monstercat Uncaged Vol. 1/29 Various Artists - Unlike Pluto - Sweet (feat. Mister Blonde).mp3
Sep 27 17:46 : update: added Various Artists/Monstercat Uncaged Vol. 1/22 Various Artists - Stonebank - Ripped To Pieces (feat. EMEL).mp3
Sep 27 17:46 : update: added Various Artists/Monstercat Uncaged Vol. 1/23 Various Artists - Rootkit - Levitate (feat. Tylor Maurer).mp3
Sep 27 17:46 : update: added Various Artists/Monstercat Uncaged Vol. 2/13 Various Artists - Darren Styles, Dougal & Gammer - Party Don't Stop.mp3
Sep 27 17:46 : update: added Various Artists/Monstercat Uncaged Vol. 2/12 Various Artists - Stonebank - Feel It.mp3
Sep 27 17:46 : update: added Various Artists/Monstercat Uncaged Vol. 2/06 Various Artists - Pegboard Nerds & Spyker - Extraordinary (feat. Elizaveta).mp3
Sep 27 17:46 : update: added Various Artists/Monstercat Uncaged Vol. 2/33 Various Artists - Monstercat - Uncaged Vol. 2 (Album Mix) [Part 2].mp3
Sep 27 17:46 : update: added Various Artists/Monstercat Uncaged Vol. 2/09 Various Artists - Dirty Audio - Alien Cookies.mp3
Sep 27 17:46 : update: added Various Artists/Monstercat Uncaged Vol. 2/18 Various Artists - Conro - Lay Low (feat. David Benjamin).mp3
Sep 27 17:46 : update: added Various Artists/Monstercat Uncaged Vol. 2/24 Various Artists - Conro - Circus (feat. Beckii Power).mp3
Sep 27 17:46 : update: added Various Artists/Monstercat Uncaged Vol. 2/26 Various Artists - Orbiter, Stephen Walking & 7 Minutes Dead - Discovery.mp3
Sep 27 17:46 : update: added Various Artists/Monstercat Uncaged Vol. 2/32 Various Artists - Monstercat - Uncaged Vol. 2 (Album Mix) [Part 1].mp3
Sep 27 17:46 : update: added Various Artists/Monstercat Uncaged Vol. 2/05 Various Artists - Dirtyphonics x RIOT - Got Your Love.mp3
Sep 27 17:46 : update: added Various Artists/Monstercat Uncaged Vol. 2/22 Various Artists - Reach x Slips & Slurs - That Sound.mp3
Sep 27 17:46 : update: added Various Artists/Monstercat Uncaged Vol. 2/14 Various Artists - Grant - Are We Still Young (feat. Jessi Mason).mp3
Sep 27 17:46 : update: added Various Artists/Monstercat Uncaged Vol. 2/02 Various Artists - Kayzo & Gammer - Over The Edge (feat. AU8UST).mp3
Sep 27 17:46 : update: added Various Artists/Monstercat Uncaged Vol. 2/07 Various Artists - Savoy & Grabbitz - Contemplate.mp3
Sep 27 17:46 : update: added Various Artists/Monstercat Uncaged Vol. 2/10 Various Artists - Dion Timmer - Till I Make It (feat. Tima Dee).mp3
Sep 27 17:46 : update: added Various Artists/Monstercat Uncaged Vol. 2/30 Various Artists - Rameses B - Nova.mp3
Sep 27 17:46 : update: added Various Artists/Monstercat Uncaged Vol. 2/17 Various Artists - RIOT - Disorder.mp3
Sep 27 17:46 : update: added Various Artists/Monstercat Uncaged Vol. 2/19 Various Artists - KUURO - Possession.mp3
Sep 27 17:46 : update: added Various Artists/Monstercat Uncaged Vol. 2/28 Various Artists - Summer Was Fun - Love Back On (feat. Emelie Cyréus).mp3
Sep 27 17:46 : update: added Various Artists/Monstercat Uncaged Vol. 2/21 Various Artists - Conro - Close.mp3
Sep 27 17:46 : update: added Various Artists/Monstercat Uncaged Vol. 2/20 Various Artists - MYRNE & Popeska - Get It All (feat. Emily Hendrix).mp3
Sep 27 17:46 : update: added Various Artists/Monstercat Uncaged Vol. 2/31 Various Artists - Direct - Too Far Away.mp3
Sep 27 17:46 : update: added Various Artists/Monstercat Uncaged Vol. 2/11 Various Artists - Koven x Crystal Skies - You Me And Gravity.mp3
Sep 27 17:46 : update: added Various Artists/Monstercat Uncaged Vol. 2/16 Various Artists - Reach - Throw Handz.mp3
Sep 27 17:46 : update: added Various Artists/Monstercat Uncaged Vol. 2/29 Various Artists - Mindsight & Duumu - What Feels Right.mp3
Sep 27 17:46 : update: added Various Artists/Monstercat Uncaged Vol. 2/15 Various Artists - KUURO - Rapture (feat. MC Mota).mp3
Sep 27 17:46 : update: added Various Artists/Monstercat Uncaged Vol. 2/23 Various Artists - Droptek - Fragments.mp3
Sep 27 17:46 : update: added Various Artists/Monstercat Uncaged Vol. 2/04 Various Artists - Slander - Superhuman (feat. Eric Leva).mp3
Sep 27 17:46 : update: added Various Artists/Monstercat Uncaged Vol. 2/03 Various Artists - Vicetone - I Hear You.mp3
Sep 27 17:46 : update: added Various Artists/Monstercat Uncaged Vol. 2/01 Various Artists - Grant, Anevo & Conro - Without You (feat. Victoria Zaro).mp3
Sep 27 17:46 : update: added Various Artists/Monstercat Uncaged Vol. 2/25 Various Artists - Tut Tut Child - If I Could (feat. Beth Cole).mp3
Sep 27 17:46 : update: added Various Artists/Monstercat Uncaged Vol. 2/08 Various Artists - DROELOE - Jump (ft. Nevve).mp3
Sep 27 17:46 : update: added Various Artists/Monstercat Uncaged Vol. 2/27 Various Artists - Glacier - Nurture (feat. Brenna Myers).mp3
Sep 27 17:46 : update: added PYLOT/Shadowtask EP/05 PYLOT - Shadowtask.mp3
Sep 27 17:46 : update: added PYLOT/Shadowtask EP/03 PYLOT - Locke.mp3
Sep 27 17:46 : update: added PYLOT/Shadowtask EP/01 PYLOT - Caine.mp3
Sep 27 17:46 : update: added PYLOT/Shadowtask EP/04 PYLOT - Clova.mp3
Sep 27 17:46 : update: added PYLOT/Shadowtask EP/02 PYLOT - Data.mp3
Sep 27 17:46 : update: added mudeth/Antibirth_ OST/29 mudeth - Underscore (Credits).mp3
Sep 27 17:46 : update: added mudeth/Antibirth_ OST/20 mudeth - Subterranean Homesick Malign (Caves).mp3
Sep 27 17:46 : update: added mudeth/Antibirth_ OST/03 mudeth - Drowning.mp3
Sep 27 17:46 : update: added mudeth/Antibirth_ OST/13 mudeth - Journey from a Jar to the Sky.mp3
Sep 27 17:46 : update: added mudeth/Antibirth_ OST/10 mudeth - Innocence Glitched (Basement).mp3
Sep 27 17:46 : update: added mudeth/Antibirth_ OST/28 mudeth - The Hammer of Pompeii (Necropolis).mp3
Sep 27 17:46 : update: added mudeth/Antibirth_ OST/14 mudeth - Lucidate (Library).mp3
Sep 27 17:46 : update: added mudeth/Antibirth_ OST/11 mudeth - Innocence Mangled (Depths).mp3
Sep 27 17:46 : update: added mudeth/Antibirth_ OST/04 mudeth - Dystension (Womb).mp3
Sep 27 17:46 : update: added mudeth/Antibirth_ OST/21 mudeth - Shadowdance (Sheol).mp3
Sep 27 17:46 : update: added mudeth/Antibirth_ OST/07 mudeth - Forgotten Lullaby (Secret Room).mp3
Sep 27 17:46 : update: added mudeth/Antibirth_ OST/16 mudeth - Memento Mori.mp3
Sep 27 17:46 : update: added mudeth/Antibirth_ OST/06 mudeth - Fault Lines.mp3
Sep 27 17:46 : update: added mudeth/Antibirth_ OST/01 mudeth - Depression Shop.mp3
Sep 27 17:46 : update: added mudeth/Antibirth_ OST/22 mudeth - Tandava (Boss).mp3
Sep 27 17:46 : update: added mudeth/Antibirth_ OST/24 mudeth - Ultimort (Chest).mp3
Sep 27 17:46 : update: added mudeth/Antibirth_ OST/25 mudeth - Marble Forest (Catacombs).mp3
Sep 27 17:46 : update: added mudeth/Antibirth_ OST/09 mudeth - Hallowed Ground.mp3
Sep 27 17:46 : update: added mudeth/Antibirth_ OST/17 mudeth - Outside the Fold (Cellar).mp3
Sep 27 17:46 : update: added mudeth/Antibirth_ OST/27 mudeth - Morphine (Dark Room).mp3
Sep 27 17:46 : update: added mudeth/Antibirth_ OST/12 mudeth - Intro (Cinematic).mp3
Sep 27 17:46 : update: added mudeth/Antibirth_ OST/26 mudeth - Misericorde (Isaac Fight).mp3
Sep 27 17:46 : update: added mudeth/Antibirth_ OST/19 mudeth - Spinning Intensifies (Boss Beaten + _).mp3
Sep 27 17:46 : update: added mudeth/Antibirth_ OST/15 mudeth - Machine in the Walls.mp3
Sep 27 17:46 : update: added mudeth/Antibirth_ OST/23 mudeth - The Thief (Cathedral).mp3
Sep 27 17:46 : update: added mudeth/Antibirth_ OST/18 mudeth - Spinning Out of Orbit (Boss Beaten).mp3
Sep 27 17:46 : update: added mudeth/Antibirth_ OST/02 mudeth - Descent (Title).mp3
Sep 27 17:46 : update: added mudeth/Antibirth_ OST/05 mudeth - Esc (Arcade).mp3
Sep 27 17:46 : update: added mudeth/Antibirth_ OST/08 mudeth - Gloria Filio (Mom's Heart).mp3
Sep 27 17:46 : update: added Puppet/Fear Is Fleeting EP/02 Puppet - To Be Alive (feat. Aaron Richards).mp3
Sep 27 17:46 : update: added Puppet/Fear Is Fleeting EP/04 Puppet - Puppet & Pierce Fulton - Just You.mp3
Sep 27 17:46 : update: added Puppet/Fear Is Fleeting EP/03 Puppet - Puppet & Foria - I'm Here.mp3
Sep 27 17:46 : update: added Puppet/Fear Is Fleeting EP/05 Puppet - Play Pretend.mp3
Sep 27 17:46 : update: added Puppet/Fear Is Fleeting EP/01 Puppet - Listen To The Storm.mp3
Sep 27 17:46 : update: added Puppet/Fear Is Fleeting EP/06 Puppet - Puppet & Murtagh - Killing Giants (feat. Richard Caddock).mp3
Sep 27 17:46 : update: added stonefromthesky/Weightless (Jeremy Blake Remix)/01 stonefromthesky - stonefromthesky - Weightless (Jeremy Blake Remix).mp3
Sep 27 17:46 : update: added Aphasia Records - Futura Compilation/Judge Bitch - Futura Compilation - 06 Workin' Out In Jeans.mp3
Sep 27 17:46 : update: added Aphasia Records - Futura Compilation/Flash Arnold - Futura Compilation - 08 The Streets Of Metropolis.mp3
Sep 27 17:46 : update: added Aphasia Records - Futura Compilation/Protector 101 - Futura Compilation - 04 A Dancing Comet (exclusive).mp3
Sep 27 17:46 : update: added Aphasia Records - Futura Compilation/Arcade High - Futura Compilation - 07 Coin-Slot Hero (exclusive).mp3
Sep 27 17:46 : update: added Aphasia Records - Futura Compilation/Lueur Verte - Futura Compilation - 01 Beauté Glaciale (exclusive).mp3
Sep 27 17:46 : update: added Aphasia Records - Futura Compilation/Dynatron - Futura Compilation - 03 Stars Of The Night (exclusive).mp3
Sep 27 17:46 : update: added Aphasia Records - Futura Compilation/Vector Hold - Futura Compilation - 09 Tough Turf.mp3
Sep 27 17:46 : update: added Aphasia Records - Futura Compilation/Starforce - Futura Compilation - 02 Gradient Hues (exclusive).mp3
Sep 27 17:46 : update: added Aphasia Records - Futura Compilation/Perturbator - Futura Compilation - 05 Welcome To Nocturne City.mp3
Sep 27 17:47 : client: [1] closed
Sep 27 17:47 : client: [2] opened from 127.0.0.1:59094
Sep 27 17:47 : client: [2] closed
Sep 27 17:47 : client: [3] opened from 127.0.0.1:59096
Sep 27 17:47 : client: [3] closed
Sep 27 17:47 : client: [4] opened from 127.0.0.1:59098
Sep 27 17:49 : client: [4] closed
Sep 27 17:50 : client: [5] opened from 127.0.0.1:59188
Sep 27 17:52 : exception: OutputThread could not get realtime scheduling, continuing anyway: sched_setscheduler failed: Operation not permitted
Sep 27 17:52 : client: [0] opened from 127.0.0.1:59196
Sep 27 17:53 : client: [0] closed
Sep 27 17:53 : client: [1] opened from 127.0.0.1:59198
Sep 27 17:55 : exception: OutputThread could not get realtime scheduling, continuing anyway: sched_setscheduler failed: Operation not permitted
Sep 27 17:56 : player: played "mudeth/Antibirth_ OST/07 mudeth - Forgotten Lullaby (Secret Room).mp3"
Sep 27 17:57 : player: played "mudeth/Antibirth_ OST/05 mudeth - Esc (Arcade).mp3"
Sep 27 18:01 : player: played "Various Artists/Monstercat Uncaged Vol. 1/04 Various Artists - Unlike Pluto - Everything Black (feat. Mike Taylor).mp3"
Sep 27 18:05 : player: played "Mome - Panorama - 2016 (320 kbps)/03. Super Hot Days.mp3"
Sep 27 18:09 : player: played "Mome - Panorama - 2016 (320 kbps)/07. Routine (Feat. Nieve).mp3"
Sep 27 18:13 : player: played "Mome - Panorama - 2016 (320 kbps)/08. Aloha (Feat. Merryn Jeann).mp3"
Sep 27 18:15 : player: played "Mome - Panorama - 2016 (320 kbps)/08. Aloha (Feat. Merryn Jeann).mp3"
Sep 27 18:21 : player: played "Jeremy Blake/So Far, So Good EP/05 Jeremy Blake - I Need U (Original Mix).mp3"
Sep 27 18:35 : player: played "Kavinsky - OutRun (2013) [FLAC]/04 - Odd Look.flac"
Sep 27 18:41 : player: played "Kavinsky - OutRun (2013) [FLAC]/06 - Suburbia.flac"
Sep 27 18:46 : player: played "mudeth/Antibirth_ OST/07 mudeth - Forgotten Lullaby (Secret Room).mp3"
Sep 27 18:50 : player: played "mudeth/Antibirth_ OST/13 mudeth - Journey from a Jar to the Sky.mp3"
Sep 27 18:52 : player: played "mudeth/Antibirth_ OST/14 mudeth - Lucidate (Library).mp3"
Sep 27 18:58 : player: played "mudeth/Antibirth_ OST/15 mudeth - Machine in the Walls.mp3"
Sep 27 19:00 : player: played "mudeth/Antibirth_ OST/16 mudeth - Memento Mori.mp3"
Sep 27 19:00 : client: [1] closed
Sep 28 01:24 : exception: OutputThread could not get realtime scheduling, continuing anyway: sched_setscheduler failed: Operation not permitted
Sep 28 21:34 : exception: OutputThread could not get realtime scheduling, continuing anyway: sched_setscheduler failed: Operation not permitted
Sep 28 21:34 : client: [0] opened from 127.0.0.1:52136
Sep 28 21:35 : exception: OutputThread could not get realtime scheduling, continuing anyway: sched_setscheduler failed: Operation not permitted
Sep 28 21:37 : player: played "mudeth/Antibirth_ OST/07 mudeth - Forgotten Lullaby (Secret Room).mp3"
Sep 28 21:42 : player: played "mudeth/Antibirth_ OST/10 mudeth - Innocence Glitched (Basement).mp3"
Sep 28 21:46 : player: played "mudeth/Antibirth_ OST/13 mudeth - Journey from a Jar to the Sky.mp3"
Sep 28 21:48 : player: played "mudeth/Antibirth_ OST/07 mudeth - Forgotten Lullaby (Secret Room).mp3"
Sep 28 21:50 : player: played "mudeth/Antibirth_ OST/09 mudeth - Hallowed Ground.mp3"
Sep 28 22:12 : player: played "Various Artists/Monstercat Uncaged Vol. 1/04 Various Artists - Unlike Pluto - Everything Black (feat. Mike Taylor).mp3"
Sep 28 22:14 : player: played "mudeth/Antibirth_ OST/07 mudeth - Forgotten Lullaby (Secret Room).mp3"
Sep 28 22:15 : client: [0] closed
Sep 28 22:15 : client: [1] opened from 127.0.0.1:52804
Sep 28 22:15 : player: played "mudeth/Antibirth_ OST/09 mudeth - Hallowed Ground.mp3"
Sep 28 22:22 : player: played "Jeremy Blake/So Far, So Good EP/05 Jeremy Blake - I Need U (Original Mix).mp3"
Sep 28 22:26 : player: played "Jeremy Blake/So Far, So Good EP/05 Jeremy Blake - I Need U (Original Mix).mp3"
Sep 28 22:29 : player: played "PYLOT/Shadowtask EP/01 PYLOT - Caine.mp3"
Sep 28 22:29 : client: [1] closed
Sep 29 11:14 : exception: OutputThread could not get realtime scheduling, continuing anyway: sched_setscheduler failed: Operation not permitted
Sep 29 11:14 : client: [0] opened from 127.0.0.1:41514
Sep 29 11:14 : exception: OutputThread could not get realtime scheduling, continuing anyway: sched_setscheduler failed: Operation not permitted
Sep 29 11:16 : player: played "mudeth/Antibirth_ OST/07 mudeth - Forgotten Lullaby (Secret Room).mp3"
Sep 29 11:17 : player: played "mudeth/Antibirth_ OST/07 mudeth - Forgotten Lullaby (Secret Room).mp3"
Sep 29 11:19 : player: played "mudeth/Antibirth_ OST/07 mudeth - Forgotten Lullaby (Secret Room).mp3"
Sep 29 11:20 : player: played "mudeth/Antibirth_ OST/07 mudeth - Forgotten Lullaby (Secret Room).mp3"
Sep 29 11:22 : player: played "mudeth/Antibirth_ OST/07 mudeth - Forgotten Lullaby (Secret Room).mp3"
Sep 29 11:23 : player: played "mudeth/Antibirth_ OST/07 mudeth - Forgotten Lullaby (Secret Room).mp3"
Sep 29 11:24 : player: played "Various Artists/Monstercat Uncaged Vol. 1/04 Various Artists - Unlike Pluto - Everything Black (feat. Mike Taylor).mp3"
Sep 29 11:28 : player: played "Various Artists/Monstercat Uncaged Vol. 1/04 Various Artists - Unlike Pluto - Everything Black (feat. Mike Taylor).mp3"
Sep 29 11:32 : player: played "Various Artists/Monstercat Uncaged Vol. 1/04 Various Artists - Unlike Pluto - Everything Black (feat. Mike Taylor).mp3"
Sep 29 11:35 : player: played "Various Artists/Monstercat Uncaged Vol. 1/04 Various Artists - Unlike Pluto - Everything Black (feat. Mike Taylor).mp3"
